<html>
<head>
<title>TestNG:  Test</title>
<link href="../testng.css" rel="stylesheet" type="text/css" />
<link href="../my-testng.css" rel="stylesheet" type="text/css" />

<style type="text/css">
.log { display: none;} 
.stack-trace { display: none;} 
</style>
<script type="text/javascript">
<!--
function flip(e) {
  current = e.style.display;
  if (current == 'block') {
    e.style.display = 'none';
    return 0;
  }
  else {
    e.style.display = 'block';
    return 1;
  }
}

function toggleBox(szDivId, elem, msg1, msg2)
{
  var res = -1;  if (document.getElementById) {
    res = flip(document.getElementById(szDivId));
  }
  else if (document.all) {
    // this is the way old msie versions work
    res = flip(document.all[szDivId]);
  }
  if(elem) {
    if(res == 0) elem.innerHTML = msg1; else elem.innerHTML = msg2;
  }

}

function toggleAllBoxes() {
  if (document.getElementsByTagName) {
    d = document.getElementsByTagName('div');
    for (i = 0; i < d.length; i++) {
      if (d[i].className == 'log') {
        flip(d[i]);
      }
    }
  }
}

// -->
</script>

</head>
<body>
<h2 align='center'>Test</h2><table border='1' align="center">
<tr>
<td>Tests passed/Failed/Skipped:</td><td>24/1/1</td>
</tr><tr>
<td>Started on:</td><td>Thu Oct 03 12:53:09 EDT 2024</td>
</tr>
<tr><td>Total time:</td><td>189 seconds (189241 ms)</td>
</tr><tr>
<td>Included groups:</td><td></td>
</tr><tr>
<td>Excluded groups:</td><td></td>
</tr>
</table><p/>
<small><i>(Hover the method name to see the test class name)</i></small><p/>
<table width='100%' border='1' class='invocation-failed'>
<tr><td colspan='4' align='center'><b>FAILED TESTS</b></td></tr>
<tr><td><b>Test method</b></td>
<td><b>Attribute(s)</b></td>
<td width="30%"><b>Exception</b></td>
<td width="10%"><b>Time (seconds)</b></td>
<td><b>Instance</b></td>
</tr>
<tr>
<td title='SignIn_Flow_Automation.SAI_SAI_DTG_HTO_Flow_Automation_E2E.SignInToENSPortal()'><b>SignInToENSPortal</b><br>Test class: SignIn_Flow_Automation.SAI_SAI_DTG_HTO_Flow_Automation_E2E</td>
<td><div><pre>org.openqa.selenium.StaleElementReferenceException: stale element reference: stale element not found in the current frame
  (Session info: chrome=129.0.6668.71)
For documentation on this error, please visit: https://www.selenium.dev/documentation/webdriver/troubleshooting/errors#stale-element-reference-exception
Build info: version: &apos;4.25.0&apos;, revision: &apos;8a8aea2337&apos;
System info: os.name: &apos;Windows 10&apos;, os.arch: &apos;amd64&apos;, os.version: &apos;10.0&apos;, java.version: &apos;17.0.2&apos;
Driver info: org.openqa.selenium.chrome.ChromeDriver
Command: [f72aef13d491e423b51898551af7d340, sendKeysToElement {id=f.B3982795C7D7FA07EBD7E0C8940AE248.d.244A8BBE38E6E5034CFC07008A016924.e.11, value=[Ljava.lang.CharSequence;@2b2a4332}]
Capabilities {acceptInsecureCerts: false, browserName: chrome, browserVersion: 129.0.6668.71, chrome: {chromedriverVersion: 129.0.6668.89 (951c0b97221f..., userDataDir: C:\Users\SANJEE~1.KUM\AppDa...}, fedcm:accounts: true, goog:chromeOptions: {debuggerAddress: localhost:65532}, networkConnectionEnabled: false, pageLoadStrategy: normal, platformName: windows, proxy: Proxy(), se:cdp: ws://localhost:65532/devtoo..., se:cdpVersion: 129.0.6668.71, setWindowRect: true, strictFileInteractability: false, timeouts: {implicit: 0, pageLoad: 300000, script: 30000}, unhandledPromptBehavior: dismiss and notify, webauthn:extension:credBlob: true, webauthn:extension:largeBlob: true, webauthn:extension:minPinLength: true, webauthn:extension:prf: true, webauthn:virtualAuthenticators: true}
Element: [[ChromeDriver: chrome on windows (f72aef13d491e423b51898551af7d340)] -&gt; xpath: (//input)[1]]
Session ID: f72aef13d491e423b51898551af7d340
	at org.openqa.selenium.remote.ErrorCodec.decode(ErrorCodec.java:167)
	at org.openqa.selenium.remote.codec.w3c.W3CHttpResponseCodec.decode(W3CHttpResponseCodec.java:138)
	at org.openqa.selenium.remote.codec.w3c.W3CHttpResponseCodec.decode(W3CHttpResponseCodec.java:50)
	at org.openqa.selenium.remote.HttpCommandExecutor.execute(HttpCommandExecutor.java:190)
	at org.openqa.selenium.remote.service.DriverCommandExecutor.invokeExecute(DriverCommandExecutor.java:216)
	at org.openqa.selenium.remote.service.DriverCommandExecutor.execute(DriverCommandExecutor.java:174)
	at org.openqa.selenium.remote.RemoteWebDriver.execute(RemoteWebDriver.java:545)
	at org.openqa.selenium.remote.RemoteWebElement.execute(RemoteWebElement.java:223)
	at org.openqa.selenium.remote.RemoteWebElement.sendKeys(RemoteWebElement.java:110)
	at org.openqa.selenium.support.pagefactory.internal.LocatingElementHandler.invoke(LocatingElementHandler.java:51)
	at jdk.proxy2/jdk.proxy2.$Proxy19.sendKeys(Unknown Source)
	at SignIn_Flow_Automation.SAI_SAI_DTG_HTO_Flow_Automation_E2E.SignInToENSPortal(SAI_SAI_DTG_HTO_Flow_Automation_E2E.java:80)
	at java.base/java.util.ArrayList.forEach(ArrayList.java:1511)
... Removed 36 stack frames</pre></div><a href='#' onClick='toggleBox("stack-trace1777030223", this, "Click to show all stack frames", "Click to hide stack frames")'>Click to show all stack frames</a>
<div class='stack-trace' id='stack-trace1777030223'><pre>org.openqa.selenium.StaleElementReferenceException: stale element reference: stale element not found in the current frame
  (Session info: chrome=129.0.6668.71)
For documentation on this error, please visit: https://www.selenium.dev/documentation/webdriver/troubleshooting/errors#stale-element-reference-exception
Build info: version: &apos;4.25.0&apos;, revision: &apos;8a8aea2337&apos;
System info: os.name: &apos;Windows 10&apos;, os.arch: &apos;amd64&apos;, os.version: &apos;10.0&apos;, java.version: &apos;17.0.2&apos;
Driver info: org.openqa.selenium.chrome.ChromeDriver
Command: [f72aef13d491e423b51898551af7d340, sendKeysToElement {id=f.B3982795C7D7FA07EBD7E0C8940AE248.d.244A8BBE38E6E5034CFC07008A016924.e.11, value=[Ljava.lang.CharSequence;@2b2a4332}]
Capabilities {acceptInsecureCerts: false, browserName: chrome, browserVersion: 129.0.6668.71, chrome: {chromedriverVersion: 129.0.6668.89 (951c0b97221f..., userDataDir: C:\Users\SANJEE~1.KUM\AppDa...}, fedcm:accounts: true, goog:chromeOptions: {debuggerAddress: localhost:65532}, networkConnectionEnabled: false, pageLoadStrategy: normal, platformName: windows, proxy: Proxy(), se:cdp: ws://localhost:65532/devtoo..., se:cdpVersion: 129.0.6668.71, setWindowRect: true, strictFileInteractability: false, timeouts: {implicit: 0, pageLoad: 300000, script: 30000}, unhandledPromptBehavior: dismiss and notify, webauthn:extension:credBlob: true, webauthn:extension:largeBlob: true, webauthn:extension:minPinLength: true, webauthn:extension:prf: true, webauthn:virtualAuthenticators: true}
Element: [[ChromeDriver: chrome on windows (f72aef13d491e423b51898551af7d340)] -&gt; xpath: (//input)[1]]
Session ID: f72aef13d491e423b51898551af7d340
	at java.base/jdk.internal.reflect.NativeConstructorAccessorImpl.newInstance0(Native Method)
	at java.base/jdk.internal.reflect.NativeConstructorAccessorImpl.newInstance(NativeConstructorAccessorImpl.java:77)
	at java.base/jdk.internal.reflect.DelegatingConstructorAccessorImpl.newInstance(DelegatingConstructorAccessorImpl.java:45)
	at java.base/java.lang.reflect.Constructor.newInstanceWithCaller(Constructor.java:499)
	at java.base/java.lang.reflect.Constructor.newInstance(Constructor.java:480)
	at org.openqa.selenium.remote.ErrorCodec.decode(ErrorCodec.java:167)
	at org.openqa.selenium.remote.codec.w3c.W3CHttpResponseCodec.decode(W3CHttpResponseCodec.java:138)
	at org.openqa.selenium.remote.codec.w3c.W3CHttpResponseCodec.decode(W3CHttpResponseCodec.java:50)
	at org.openqa.selenium.remote.HttpCommandExecutor.execute(HttpCommandExecutor.java:190)
	at org.openqa.selenium.remote.service.DriverCommandExecutor.invokeExecute(DriverCommandExecutor.java:216)
	at org.openqa.selenium.remote.service.DriverCommandExecutor.execute(DriverCommandExecutor.java:174)
	at org.openqa.selenium.remote.RemoteWebDriver.execute(RemoteWebDriver.java:545)
	at org.openqa.selenium.remote.RemoteWebElement.execute(RemoteWebElement.java:223)
	at org.openqa.selenium.remote.RemoteWebElement.sendKeys(RemoteWebElement.java:110)
	at java.base/jdk.internal.reflect.NativeMethodAccessorImpl.invoke0(Native Method)
	at java.base/jdk.internal.reflect.NativeMethodAccessorImpl.invoke(NativeMethodAccessorImpl.java:77)
	at java.base/jdk.internal.reflect.DelegatingMethodAccessorImpl.invoke(DelegatingMethodAccessorImpl.java:43)
	at java.base/java.lang.reflect.Method.invoke(Method.java:568)
	at org.openqa.selenium.support.pagefactory.internal.LocatingElementHandler.invoke(LocatingElementHandler.java:51)
	at jdk.proxy2/jdk.proxy2.$Proxy19.sendKeys(Unknown Source)
	at SignIn_Flow_Automation.SAI_SAI_DTG_HTO_Flow_Automation_E2E.SignInToENSPortal(SAI_SAI_DTG_HTO_Flow_Automation_E2E.java:80)
	at java.base/jdk.internal.reflect.NativeMethodAccessorImpl.invoke0(Native Method)
	at java.base/jdk.internal.reflect.NativeMethodAccessorImpl.invoke(NativeMethodAccessorImpl.java:77)
	at java.base/jdk.internal.reflect.DelegatingMethodAccessorImpl.invoke(DelegatingMethodAccessorImpl.java:43)
	at java.base/java.lang.reflect.Method.invoke(Method.java:568)
	at org.testng.internal.invokers.MethodInvocationHelper.invokeMethod(MethodInvocationHelper.java:141)
	at org.testng.internal.invokers.TestInvoker.invokeMethod(TestInvoker.java:686)
	at org.testng.internal.invokers.TestInvoker.invokeTestMethod(TestInvoker.java:230)
	at org.testng.internal.invokers.MethodRunner.runInSequence(MethodRunner.java:63)
	at org.testng.internal.invokers.TestInvoker$MethodInvocationAgent.invoke(TestInvoker.java:992)
	at org.testng.internal.invokers.TestInvoker.invokeTestMethods(TestInvoker.java:203)
	at org.testng.internal.invokers.TestMethodWorker.invokeTestMethods(TestMethodWorker.java:154)
	at org.testng.internal.invokers.TestMethodWorker.run(TestMethodWorker.java:134)
	at java.base/java.util.ArrayList.forEach(ArrayList.java:1511)
	at org.testng.TestRunner.privateRun(TestRunner.java:739)
	at org.testng.TestRunner.run(TestRunner.java:614)
	at org.testng.SuiteRunner.runTest(SuiteRunner.java:421)
	at org.testng.SuiteRunner.runSequentially(SuiteRunner.java:413)
	at org.testng.SuiteRunner.privateRun(SuiteRunner.java:373)
	at org.testng.SuiteRunner.run(SuiteRunner.java:312)
	at org.testng.SuiteRunnerWorker.runSuite(SuiteRunnerWorker.java:52)
	at org.testng.SuiteRunnerWorker.run(SuiteRunnerWorker.java:95)
	at org.testng.TestNG.runSuitesSequentially(TestNG.java:1274)
	at org.testng.TestNG.runSuitesLocally(TestNG.java:1208)
	at org.testng.TestNG.runSuites(TestNG.java:1112)
	at org.testng.TestNG.run(TestNG.java:1079)
	at org.testng.remote.AbstractRemoteTestNG.run(AbstractRemoteTestNG.java:115)
	at org.testng.remote.RemoteTestNG.initAndRun(RemoteTestNG.java:293)
	at org.testng.remote.RemoteTestNG.main(RemoteTestNG.java:91)
</pre></div></td>
<td>2</td>
<td>SignIn_Flow_Automation.SAI_SAI_DTG_HTO_Flow_Automation_E2E@6440112d</td></tr>
</table><p>
<table width='100%' border='1' class='invocation-passed'>
<tr><td colspan='4' align='center'><b>PASSED TESTS</b></td></tr>
<tr><td><b>Test method</b></td>
<td><b>Attribute(s)</b></td>
<td width="30%"><b>Exception</b></td>
<td width="10%"><b>Time (seconds)</b></td>
<td><b>Instance</b></td>
</tr>
<tr>
<td title='SignIn_Flow_Automation.DataDrivernFromExcel.PrintExcelData()'><b>PrintExcelData</b><br>Test class: SignIn_Flow_Automation.DataDrivernFromExcel<br>Parameters: 1.0, Rogers1, Delhi</td>
<td></td>
<td>0</td>
<td>SignIn_Flow_Automation.DataDrivernFromExcel@7ce026d3</td></tr>
<tr>
<td title='SignIn_Flow_Automation.DataDrivernFromExcel.PrintExcelData()'><b>PrintExcelData</b><br>Test class: SignIn_Flow_Automation.DataDrivernFromExcel<br>Parameters: 8.0, Rogers8, Panipat</td>
<td></td>
<td>0</td>
<td>SignIn_Flow_Automation.DataDrivernFromExcel@7ce026d3</td></tr>
<tr>
<td title='SignIn_Flow_Automation.DataDrivernFromExcel.PrintExcelData()'><b>PrintExcelData</b><br>Test class: SignIn_Flow_Automation.DataDrivernFromExcel<br>Parameters: 9.0, Rogers9, Chandigarh</td>
<td></td>
<td>0</td>
<td>SignIn_Flow_Automation.DataDrivernFromExcel@7ce026d3</td></tr>
<tr>
<td title='SignIn_Flow_Automation.DataDrivernFromExcel.PrintExcelData()'><b>PrintExcelData</b><br>Test class: SignIn_Flow_Automation.DataDrivernFromExcel<br>Parameters: 14.0, Rogers14, Indore</td>
<td></td>
<td>0</td>
<td>SignIn_Flow_Automation.DataDrivernFromExcel@7ce026d3</td></tr>
<tr>
<td title='SignIn_Flow_Automation.SAI_NAC_Flow.ShopInternet()'><b>ShopInternet</b><br>Test class: SignIn_Flow_Automation.SAI_NAC_Flow</td>
<td></td>
<td>41</td>
<td>SignIn_Flow_Automation.SAI_NAC_Flow@5890e879</td></tr>
<tr>
<td title='SignIn_Flow_Automation.DataDrivernFromExcel.PrintExcelData()'><b>PrintExcelData</b><br>Test class: SignIn_Flow_Automation.DataDrivernFromExcel<br>Parameters: 11.0, Rogers11, Jabalpur</td>
<td></td>
<td>0</td>
<td>SignIn_Flow_Automation.DataDrivernFromExcel@7ce026d3</td></tr>
<tr>
<td title='SignIn_Flow_Automation.DataDrivernFromExcel.PrintExcelData()'><b>PrintExcelData</b><br>Test class: SignIn_Flow_Automation.DataDrivernFromExcel<br>Parameters: 18.0, Rogers18, Nanital</td>
<td></td>
<td>0</td>
<td>SignIn_Flow_Automation.DataDrivernFromExcel@7ce026d3</td></tr>
<tr>
<td title='SignIn_Flow_Automation.DataDrivernFromExcel.PrintExcelData()'><b>PrintExcelData</b><br>Test class: SignIn_Flow_Automation.DataDrivernFromExcel<br>Parameters: 13.0, Rogers13, Shadol</td>
<td></td>
<td>0</td>
<td>SignIn_Flow_Automation.DataDrivernFromExcel@7ce026d3</td></tr>
<tr>
<td title='SignIn_Flow_Automation.DataDrivernFromExcel.PrintExcelData()'><b>PrintExcelData</b><br>Test class: SignIn_Flow_Automation.DataDrivernFromExcel<br>Parameters: 4.0, Rogers4, Lucknow</td>
<td></td>
<td>0</td>
<td>SignIn_Flow_Automation.DataDrivernFromExcel@7ce026d3</td></tr>
<tr>
<td title='SignIn_Flow_Automation.DataDrivernFromExcel.PrintExcelData()'><b>PrintExcelData</b><br>Test class: SignIn_Flow_Automation.DataDrivernFromExcel<br>Parameters: 12.0, Rogers12, Bhopal</td>
<td></td>
<td>0</td>
<td>SignIn_Flow_Automation.DataDrivernFromExcel@7ce026d3</td></tr>
<tr>
<td title='SignIn_Flow_Automation.DataDrivernFromExcel.PrintExcelData()'><b>PrintExcelData</b><br>Test class: SignIn_Flow_Automation.DataDrivernFromExcel<br>Parameters: 20.0, Rogers20, Panchkulla</td>
<td></td>
<td>0</td>
<td>SignIn_Flow_Automation.DataDrivernFromExcel@7ce026d3</td></tr>
<tr>
<td title='SignIn_Flow_Automation.DataDrivernFromExcel.PrintExcelData()'><b>PrintExcelData</b><br>Test class: SignIn_Flow_Automation.DataDrivernFromExcel<br>Parameters: 7.0, Rogers7, Sonipat</td>
<td></td>
<td>0</td>
<td>SignIn_Flow_Automation.DataDrivernFromExcel@7ce026d3</td></tr>
<tr>
<td title='SignIn_Flow_Automation.DataDrivernFromExcel.PrintExcelData()'><b>PrintExcelData</b><br>Test class: SignIn_Flow_Automation.DataDrivernFromExcel<br>Parameters: 17.0, Rogers17, Shamli</td>
<td></td>
<td>0</td>
<td>SignIn_Flow_Automation.DataDrivernFromExcel@7ce026d3</td></tr>
<tr>
<td title='SignIn_Flow_Automation.DataDrivernFromExcel.PrintExcelData()'><b>PrintExcelData</b><br>Test class: SignIn_Flow_Automation.DataDrivernFromExcel<br>Parameters: 2.0, Rogers2, Mumbai</td>
<td></td>
<td>0</td>
<td>SignIn_Flow_Automation.DataDrivernFromExcel@7ce026d3</td></tr>
<tr>
<td title='SignIn_Flow_Automation.SAI_NAC_Flow.Serviceability()'><b>Serviceability</b><br>Test class: SignIn_Flow_Automation.SAI_NAC_Flow</td>
<td></td>
<td>9</td>
<td>SignIn_Flow_Automation.SAI_NAC_Flow@5890e879</td></tr>
<tr>
<td title='SignIn_Flow_Automation.DataDrivernFromExcel.PrintExcelData()'><b>PrintExcelData</b><br>Test class: SignIn_Flow_Automation.DataDrivernFromExcel<br>Parameters: 16.0, Rogers16, Noida</td>
<td></td>
<td>0</td>
<td>SignIn_Flow_Automation.DataDrivernFromExcel@7ce026d3</td></tr>
<tr>
<td title='SignIn_Flow_Automation.DataDrivernFromExcel.PrintExcelData()'><b>PrintExcelData</b><br>Test class: SignIn_Flow_Automation.DataDrivernFromExcel<br>Parameters: 15.0, Rogers15, Faridabad</td>
<td></td>
<td>0</td>
<td>SignIn_Flow_Automation.DataDrivernFromExcel@7ce026d3</td></tr>
<tr>
<td title='SignIn_Flow_Automation.DataDrivernFromExcel.PrintExcelData()'><b>PrintExcelData</b><br>Test class: SignIn_Flow_Automation.DataDrivernFromExcel<br>Parameters: 3.0, Rogers3, Ghaziabad</td>
<td></td>
<td>0</td>
<td>SignIn_Flow_Automation.DataDrivernFromExcel@7ce026d3</td></tr>
<tr>
<td title='SignIn_Flow_Automation.SAI_SAI_DTG_HTO_Flow_Automation_E2E.ENSLaunch()'><b>ENSLaunch</b><br>Test class: SignIn_Flow_Automation.SAI_SAI_DTG_HTO_Flow_Automation_E2E</td>
<td></td>
<td>0</td>
<td>SignIn_Flow_Automation.SAI_SAI_DTG_HTO_Flow_Automation_E2E@6440112d</td></tr>
<tr>
<td title='SignIn_Flow_Automation.SAI_SAI_DTG_HTO_Flow_Automation_E2E.LoginInToRogersWebsite()'><b>LoginInToRogersWebsite</b><br>Test class: SignIn_Flow_Automation.SAI_SAI_DTG_HTO_Flow_Automation_E2E</td>
<td></td>
<td>76</td>
<td>SignIn_Flow_Automation.SAI_SAI_DTG_HTO_Flow_Automation_E2E@6440112d</td></tr>
<tr>
<td title='SignIn_Flow_Automation.DataDrivernFromExcel.PrintExcelData()'><b>PrintExcelData</b><br>Test class: SignIn_Flow_Automation.DataDrivernFromExcel<br>Parameters: 10.0, Rogers10, Mohalli</td>
<td></td>
<td>0</td>
<td>SignIn_Flow_Automation.DataDrivernFromExcel@7ce026d3</td></tr>
<tr>
<td title='SignIn_Flow_Automation.DataDrivernFromExcel.PrintExcelData()'><b>PrintExcelData</b><br>Test class: SignIn_Flow_Automation.DataDrivernFromExcel<br>Parameters: 5.0, Rogers5, Banarash</td>
<td></td>
<td>0</td>
<td>SignIn_Flow_Automation.DataDrivernFromExcel@7ce026d3</td></tr>
<tr>
<td title='SignIn_Flow_Automation.DataDrivernFromExcel.PrintExcelData()'><b>PrintExcelData</b><br>Test class: SignIn_Flow_Automation.DataDrivernFromExcel<br>Parameters: 6.0, Rogers6, Baghpat</td>
<td></td>
<td>0</td>
<td>SignIn_Flow_Automation.DataDrivernFromExcel@7ce026d3</td></tr>
<tr>
<td title='SignIn_Flow_Automation.DataDrivernFromExcel.PrintExcelData()'><b>PrintExcelData</b><br>Test class: SignIn_Flow_Automation.DataDrivernFromExcel<br>Parameters: 19.0, Rogers19, Dheradoon</td>
<td></td>
<td>0</td>
<td>SignIn_Flow_Automation.DataDrivernFromExcel@7ce026d3</td></tr>
</table><p>
<table width='100%' border='1' class='invocation-skipped'>
<tr><td colspan='4' align='center'><b>SKIPPED TESTS</b></td></tr>
<tr><td><b>Test method</b></td>
<td><b>Attribute(s)</b></td>
<td width="30%"><b>Exception</b></td>
<td width="10%"><b>Time (seconds)</b></td>
<td><b>Instance</b></td>
</tr>
<tr>
<td title='SignIn_Flow_Automation.SAI_SAI_DTG_HTO_Flow_Automation_E2E.SearchEmailInENS()'><b>SearchEmailInENS</b><br>Test class: SignIn_Flow_Automation.SAI_SAI_DTG_HTO_Flow_Automation_E2E</td>
<td><div><pre>java.lang.Throwable: Method SignIn_Flow_Automation.SAI_SAI_DTG_HTO_Flow_Automation_E2E.SearchEmailInENS() on instance SignIn_Flow_Automation.SAI_SAI_DTG_HTO_Flow_Automation_E2E@6440112d depends on not successfully finished methods 
[SignIn_Flow_Automation.SAI_SAI_DTG_HTO_Flow_Automation_E2E.SignInToENSPortal() on instance SignIn_Flow_Automation.SAI_SAI_DTG_HTO_Flow_Automation_E2E@6440112d]
	at java.base/java.util.ArrayList.forEach(ArrayList.java:1511)
... Removed 18 stack frames</pre></div><a href='#' onClick='toggleBox("stack-trace1508667424", this, "Click to show all stack frames", "Click to hide stack frames")'>Click to show all stack frames</a>
<div class='stack-trace' id='stack-trace1508667424'><pre>java.lang.Throwable: Method SignIn_Flow_Automation.SAI_SAI_DTG_HTO_Flow_Automation_E2E.SearchEmailInENS() on instance SignIn_Flow_Automation.SAI_SAI_DTG_HTO_Flow_Automation_E2E@6440112d depends on not successfully finished methods 
[SignIn_Flow_Automation.SAI_SAI_DTG_HTO_Flow_Automation_E2E.SignInToENSPortal() on instance SignIn_Flow_Automation.SAI_SAI_DTG_HTO_Flow_Automation_E2E@6440112d]
	at org.testng.internal.invokers.TestInvoker.invokeTestMethods(TestInvoker.java:159)
	at org.testng.internal.invokers.TestMethodWorker.invokeTestMethods(TestMethodWorker.java:154)
	at org.testng.internal.invokers.TestMethodWorker.run(TestMethodWorker.java:134)
	at java.base/java.util.ArrayList.forEach(ArrayList.java:1511)
	at org.testng.TestRunner.privateRun(TestRunner.java:739)
	at org.testng.TestRunner.run(TestRunner.java:614)
	at org.testng.SuiteRunner.runTest(SuiteRunner.java:421)
	at org.testng.SuiteRunner.runSequentially(SuiteRunner.java:413)
	at org.testng.SuiteRunner.privateRun(SuiteRunner.java:373)
	at org.testng.SuiteRunner.run(SuiteRunner.java:312)
	at org.testng.SuiteRunnerWorker.runSuite(SuiteRunnerWorker.java:52)
	at org.testng.SuiteRunnerWorker.run(SuiteRunnerWorker.java:95)
	at org.testng.TestNG.runSuitesSequentially(TestNG.java:1274)
	at org.testng.TestNG.runSuitesLocally(TestNG.java:1208)
	at org.testng.TestNG.runSuites(TestNG.java:1112)
	at org.testng.TestNG.run(TestNG.java:1079)
	at org.testng.remote.AbstractRemoteTestNG.run(AbstractRemoteTestNG.java:115)
	at org.testng.remote.RemoteTestNG.initAndRun(RemoteTestNG.java:293)
	at org.testng.remote.RemoteTestNG.main(RemoteTestNG.java:91)
</pre></div></td>
<td>0</td>
<td>SignIn_Flow_Automation.SAI_SAI_DTG_HTO_Flow_Automation_E2E@6440112d</td></tr>
</table><p>
</body>
</html>