<?xml version="1.0" encoding="UTF-8"?>
<!-- Generated by org.testng.reporters.JUnitXMLReporter -->
<testsuite ignored="4" hostname="VDSLDC00876" failures="1" tests="26" name="Test" time="189.241" errors="0" timestamp="2024-10-03T12:56:18 EDT">
  <testcase classname="SignIn_Flow_Automation.DataDrivernFromExcel" name="PrintExcelData" time="0.008"/>
  <testcase classname="SignIn_Flow_Automation.DataDrivernFromExcel" name="PrintExcelData" time="0.002"/>
  <testcase classname="SignIn_Flow_Automation.DataDrivernFromExcel" name="PrintExcelData" time="0.002"/>
  <testcase classname="SignIn_Flow_Automation.DataDrivernFromExcel" name="PrintExcelData" time="0.001"/>
  <testcase classname="SignIn_Flow_Automation.DataDrivernFromExcel" name="PrintExcelData" time="0.001"/>
  <testcase classname="SignIn_Flow_Automation.DataDrivernFromExcel" name="PrintExcelData" time="0.002"/>
  <testcase classname="SignIn_Flow_Automation.DataDrivernFromExcel" name="PrintExcelData" time="0.002"/>
  <testcase classname="SignIn_Flow_Automation.DataDrivernFromExcel" name="PrintExcelData" time="0.001"/>
  <testcase classname="SignIn_Flow_Automation.DataDrivernFromExcel" name="PrintExcelData" time="0.002"/>
  <testcase classname="SignIn_Flow_Automation.DataDrivernFromExcel" name="PrintExcelData" time="0.002"/>
  <testcase classname="SignIn_Flow_Automation.DataDrivernFromExcel" name="PrintExcelData" time="0.002"/>
  <testcase classname="SignIn_Flow_Automation.DataDrivernFromExcel" name="PrintExcelData" time="0.003"/>
  <testcase classname="SignIn_Flow_Automation.DataDrivernFromExcel" name="PrintExcelData" time="0.001"/>
  <testcase classname="SignIn_Flow_Automation.DataDrivernFromExcel" name="PrintExcelData" time="0.002"/>
  <testcase classname="SignIn_Flow_Automation.DataDrivernFromExcel" name="PrintExcelData" time="0.001"/>
  <testcase classname="SignIn_Flow_Automation.DataDrivernFromExcel" name="PrintExcelData" time="0.003"/>
  <testcase classname="SignIn_Flow_Automation.DataDrivernFromExcel" name="PrintExcelData" time="0.002"/>
  <testcase classname="SignIn_Flow_Automation.DataDrivernFromExcel" name="PrintExcelData" time="0.001"/>
  <testcase classname="SignIn_Flow_Automation.DataDrivernFromExcel" name="PrintExcelData" time="0.002"/>
  <testcase classname="SignIn_Flow_Automation.DataDrivernFromExcel" name="PrintExcelData" time="0.001"/>
  <testcase classname="SignIn_Flow_Automation.SAI_NAC_Flow" name="ShopInternet" time="41.838"/>
  <testcase classname="SignIn_Flow_Automation.SAI_NAC_Flow" name="Serviceability" time="9.065"/>
  <testcase classname="SignIn_Flow_Automation.SAI_SAI_DTG_HTO_Flow_Automation_E2E" name="LoginInToRogersWebsite" time="76.532"/>
  <testcase classname="SignIn_Flow_Automation.SAI_SAI_DTG_HTO_Flow_Automation_E2E" name="ENSLaunch" time="0.333"/>
  <testcase classname="SignIn_Flow_Automation.SAI_SAI_DTG_HTO_Flow_Automation_E2E" name="SignInToENSPortal" time="2.736">
    <failure type="org.openqa.selenium.StaleElementReferenceException" message="stale element reference: stale element not found in the current frame
  (Session info: chrome=129.0.6668.71)
For documentation on this error, please visit: https://www.selenium.dev/documentation/webdriver/troubleshooting/errors#stale-element-reference-exception
Build info: version: &amp;apos;4.25.0&amp;apos;, revision: &amp;apos;8a8aea2337&amp;apos;
System info: os.name: &amp;apos;Windows 10&amp;apos;, os.arch: &amp;apos;amd64&amp;apos;, os.version: &amp;apos;10.0&amp;apos;, java.version: &amp;apos;17.0.2&amp;apos;
Driver info: org.openqa.selenium.chrome.ChromeDriver
Command: [f72aef13d491e423b51898551af7d340, sendKeysToElement {id=f.B3982795C7D7FA07EBD7E0C8940AE248.d.244A8BBE38E6E5034CFC07008A016924.e.11, value=[Ljava.lang.CharSequence;@2b2a4332}]
Capabilities {acceptInsecureCerts: false, browserName: chrome, browserVersion: 129.0.6668.71, chrome: {chromedriverVersion: 129.0.6668.89 (951c0b97221f..., userDataDir: C:\Users\SANJEE~1.KUM\AppDa...}, fedcm:accounts: true, goog:chromeOptions: {debuggerAddress: localhost:65532}, networkConnectionEnabled: false, pageLoadStrategy: normal, platformName: windows, proxy: Proxy(), se:cdp: ws://localhost:65532/devtoo..., se:cdpVersion: 129.0.6668.71, setWindowRect: true, strictFileInteractability: false, timeouts: {implicit: 0, pageLoad: 300000, script: 30000}, unhandledPromptBehavior: dismiss and notify, webauthn:extension:credBlob: true, webauthn:extension:largeBlob: true, webauthn:extension:minPinLength: true, webauthn:extension:prf: true, webauthn:virtualAuthenticators: true}
Element: [[ChromeDriver: chrome on windows (f72aef13d491e423b51898551af7d340)] -&amp;gt; xpath: (//input)[1]]
Session ID: f72aef13d491e423b51898551af7d340">
      <![CDATA[org.openqa.selenium.StaleElementReferenceException: stale element reference: stale element not found in the current frame
  (Session info: chrome=129.0.6668.71)
For documentation on this error, please visit: https://www.selenium.dev/documentation/webdriver/troubleshooting/errors#stale-element-reference-exception
Build info: version: '4.25.0', revision: '8a8aea2337'
System info: os.name: 'Windows 10', os.arch: 'amd64', os.version: '10.0', java.version: '17.0.2'
Driver info: org.openqa.selenium.chrome.ChromeDriver
Command: [f72aef13d491e423b51898551af7d340, sendKeysToElement {id=f.B3982795C7D7FA07EBD7E0C8940AE248.d.244A8BBE38E6E5034CFC07008A016924.e.11, value=[Ljava.lang.CharSequence;@2b2a4332}]
Capabilities {acceptInsecureCerts: false, browserName: chrome, browserVersion: 129.0.6668.71, chrome: {chromedriverVersion: 129.0.6668.89 (951c0b97221f..., userDataDir: C:\Users\SANJEE~1.KUM\AppDa...}, fedcm:accounts: true, goog:chromeOptions: {debuggerAddress: localhost:65532}, networkConnectionEnabled: false, pageLoadStrategy: normal, platformName: windows, proxy: Proxy(), se:cdp: ws://localhost:65532/devtoo..., se:cdpVersion: 129.0.6668.71, setWindowRect: true, strictFileInteractability: false, timeouts: {implicit: 0, pageLoad: 300000, script: 30000}, unhandledPromptBehavior: dismiss and notify, webauthn:extension:credBlob: true, webauthn:extension:largeBlob: true, webauthn:extension:minPinLength: true, webauthn:extension:prf: true, webauthn:virtualAuthenticators: true}
Element: [[ChromeDriver: chrome on windows (f72aef13d491e423b51898551af7d340)] -> xpath: (//input)[1]]
Session ID: f72aef13d491e423b51898551af7d340
at org.openqa.selenium.remote.ErrorCodec.decode(ErrorCodec.java:167)
at org.openqa.selenium.remote.codec.w3c.W3CHttpResponseCodec.decode(W3CHttpResponseCodec.java:138)
at org.openqa.selenium.remote.codec.w3c.W3CHttpResponseCodec.decode(W3CHttpResponseCodec.java:50)
at org.openqa.selenium.remote.HttpCommandExecutor.execute(HttpCommandExecutor.java:190)
at org.openqa.selenium.remote.service.DriverCommandExecutor.invokeExecute(DriverCommandExecutor.java:216)
at org.openqa.selenium.remote.service.DriverCommandExecutor.execute(DriverCommandExecutor.java:174)
at org.openqa.selenium.remote.RemoteWebDriver.execute(RemoteWebDriver.java:545)
at org.openqa.selenium.remote.RemoteWebElement.execute(RemoteWebElement.java:223)
at org.openqa.selenium.remote.RemoteWebElement.sendKeys(RemoteWebElement.java:110)
at org.openqa.selenium.support.pagefactory.internal.LocatingElementHandler.invoke(LocatingElementHandler.java:51)
at jdk.proxy2/jdk.proxy2.$Proxy19.sendKeys(Unknown Source)
at SignIn_Flow_Automation.SAI_SAI_DTG_HTO_Flow_Automation_E2E.SignInToENSPortal(SAI_SAI_DTG_HTO_Flow_Automation_E2E.java:80)
at java.base/java.util.ArrayList.forEach(ArrayList.java:1511)
... Removed 36 stack frames]]>
    </failure>
  </testcase> <!-- SignInToENSPortal -->
  <testcase classname="SignIn_Flow_Automation.SAI_SAI_DTG_HTO_Flow_Automation_E2E" name="SearchEmailInENS" time="0.0">
    <skipped/>
  </testcase> <!-- SearchEmailInENS -->
  <testcase classname="webPages.BaseClass" name="@AfterSuite ReportFlush" time="0.0">
    <ignored/>
  </testcase> <!-- @AfterSuite ReportFlush -->
  <testcase classname="webPages.BaseClass" name="@AfterSuite ReportFlush" time="0.0">
    <ignored/>
  </testcase> <!-- @AfterSuite ReportFlush -->
  <testcase classname="webPages.BaseClass" name="@BeforeSuite suiteSetup" time="0.0">
    <ignored/>
  </testcase> <!-- @BeforeSuite suiteSetup -->
  <testcase classname="webPages.BaseClass" name="@BeforeSuite suiteSetup" time="0.0">
    <ignored/>
  </testcase> <!-- @BeforeSuite suiteSetup -->
</testsuite> <!-- Test -->
